1633 : 2025-05-16 08:43:57,868 : INFO : telemetry.main : Attempt start. Configuration directory [/home/xoan_abella/.azure]. Cache directory [/home/xoan_abella/.azure/telemetry/20250516084357678].
1633 : 2025-05-16 08:43:57,869 : INFO : telemetry.records : 1 cache files to upload.
1633 : 2025-05-16 08:43:57,869 : INFO : telemetry.records : Processed file /home/xoan_abella/.azure/telemetry/20250516084357678/cache into 1 records.
1633 : 2025-05-16 08:43:57,869 : INFO : telemetry.records : Remove directory /home/xoan_abella/.azure/telemetry/20250516084357678
1633 : 2025-05-16 08:43:57,870 : INFO : telemetry.client : Accumulated 1 events. Flush the clients.
1633 : 2025-05-16 08:43:57,870 : INFO : telemetry.client : Flush client c4395b75-49cc-422c-bc95-c7d51aef5d46.
1633 : 2025-05-16 08:43:58,064 : INFO : telemetry.sender : Sending 4415 bytes
1633 : 2025-05-16 08:43:58,064 : INFO : telemetry.sender : Finish uploading in 0.193754 seconds.
1660 : 2025-05-16 08:44:00,027 : INFO : telemetry.main : Attempt start. Configuration directory [/home/xoan_abella/.azure]. Cache directory [/home/xoan_abella/.azure/telemetry/20250516084359852].
1660 : 2025-05-16 08:44:00,029 : INFO : telemetry.records : 1 cache files to upload.
1660 : 2025-05-16 08:44:00,029 : INFO : telemetry.records : Processed file /home/xoan_abella/.azure/telemetry/20250516084359852/cache into 1 records.
1660 : 2025-05-16 08:44:00,035 : INFO : telemetry.records : Remove directory /home/xoan_abella/.azure/telemetry/20250516084359852
1660 : 2025-05-16 08:44:00,037 : INFO : telemetry.client : Accumulated 1 events. Flush the clients.
1660 : 2025-05-16 08:44:00,037 : INFO : telemetry.client : Flush client c4395b75-49cc-422c-bc95-c7d51aef5d46.
1660 : 2025-05-16 08:44:00,233 : INFO : telemetry.sender : Sending 4395 bytes
1660 : 2025-05-16 08:44:00,233 : INFO : telemetry.sender : Finish uploading in 0.195155 seconds.
1675 : 2025-05-16 08:44:01,311 : INFO : telemetry.main : Attempt start. Configuration directory [/home/xoan_abella/.azure]. Cache directory [/home/xoan_abella/.azure/telemetry/20250516084401121].
1675 : 2025-05-16 08:44:01,311 : INFO : telemetry.records : 1 cache files to upload.
1675 : 2025-05-16 08:44:01,311 : INFO : telemetry.records : Processed file /home/xoan_abella/.azure/telemetry/20250516084401121/cache into 1 records.
1675 : 2025-05-16 08:44:01,312 : INFO : telemetry.records : Remove directory /home/xoan_abella/.azure/telemetry/20250516084401121
1675 : 2025-05-16 08:44:01,312 : INFO : telemetry.client : Accumulated 1 events. Flush the clients.
1675 : 2025-05-16 08:44:01,312 : INFO : telemetry.client : Flush client c4395b75-49cc-422c-bc95-c7d51aef5d46.
1688 : 2025-05-16 08:44:08,959 : INFO : telemetry.main : Attempt start. Configuration directory [/home/xoan_abella/.azure]. Cache directory [/home/xoan_abella/.azure/telemetry/20250516084408684].
1688 : 2025-05-16 08:44:08,960 : INFO : telemetry.records : 1 cache files to upload.
1688 : 2025-05-16 08:44:08,960 : INFO : telemetry.records : Processed file /home/xoan_abella/.azure/telemetry/20250516084408684/cache into 1 records.
1688 : 2025-05-16 08:44:08,961 : INFO : telemetry.records : Remove directory /home/xoan_abella/.azure/telemetry/20250516084408684
1688 : 2025-05-16 08:44:08,962 : INFO : telemetry.client : Accumulated 1 events. Flush the clients.
1688 : 2025-05-16 08:44:08,962 : INFO : telemetry.client : Flush client c4395b75-49cc-422c-bc95-c7d51aef5d46.
1688 : 2025-05-16 08:44:09,159 : INFO : telemetry.sender : Sending 4644 bytes
1688 : 2025-05-16 08:44:09,159 : INFO : telemetry.sender : Finish uploading in 0.196659 seconds.
1675 : 2025-05-16 08:44:11,389 : ERROR : telemetry.sender : Upload failed. OSError: <urlopen error _ssl.c:993: The handshake operation timed out>
1675 : 2025-05-16 08:44:11,389 : INFO : telemetry.sender : Finish uploading in 10.076913 seconds.
1737 : 2025-05-16 08:45:15,610 : INFO : telemetry.main : Attempt start. Configuration directory [/home/xoan_abella/.azure]. Cache directory [/home/xoan_abella/.azure/telemetry/20250516084515403].
1737 : 2025-05-16 08:45:15,611 : INFO : telemetry.records : 1 cache files to upload.
1737 : 2025-05-16 08:45:15,611 : INFO : telemetry.records : Processed file /home/xoan_abella/.azure/telemetry/20250516084515403/cache into 1 records.
1737 : 2025-05-16 08:45:15,611 : INFO : telemetry.records : Remove directory /home/xoan_abella/.azure/telemetry/20250516084515403
1737 : 2025-05-16 08:45:15,612 : INFO : telemetry.client : Accumulated 1 events. Flush the clients.
1737 : 2025-05-16 08:45:15,612 : INFO : telemetry.client : Flush client c4395b75-49cc-422c-bc95-c7d51aef5d46.
1737 : 2025-05-16 08:45:15,771 : INFO : telemetry.sender : Sending 4415 bytes
1737 : 2025-05-16 08:45:15,772 : INFO : telemetry.sender : Finish uploading in 0.159380 seconds.
1773 : 2025-05-16 08:45:55,195 : INFO : telemetry.main : Attempt start. Configuration directory [/home/xoan_abella/.azure]. Cache directory [/home/xoan_abella/.azure/telemetry/20250516084554760].
1773 : 2025-05-16 08:45:55,196 : INFO : telemetry.records : 1 cache files to upload.
1773 : 2025-05-16 08:45:55,196 : INFO : telemetry.records : Processed file /home/xoan_abella/.azure/telemetry/20250516084554760/cache into 1 records.
1773 : 2025-05-16 08:45:55,196 : INFO : telemetry.records : Remove directory /home/xoan_abella/.azure/telemetry/20250516084554760
1773 : 2025-05-16 08:45:55,197 : INFO : telemetry.client : Accumulated 1 events. Flush the clients.
1773 : 2025-05-16 08:45:55,197 : INFO : telemetry.client : Flush client c4395b75-49cc-422c-bc95-c7d51aef5d46.
1773 : 2025-05-16 08:45:55,358 : INFO : telemetry.sender : Sending 4468 bytes
1773 : 2025-05-16 08:45:55,358 : INFO : telemetry.sender : Finish uploading in 0.160092 seconds.
1915 : 2025-05-16 08:49:53,951 : INFO : telemetry.main : Attempt start. Configuration directory [/home/xoan_abella/.azure]. Cache directory [/home/xoan_abella/.azure/telemetry/20250516084953760].
1915 : 2025-05-16 08:49:53,952 : INFO : telemetry.records : 1 cache files to upload.
1915 : 2025-05-16 08:49:53,952 : INFO : telemetry.records : Processed file /home/xoan_abella/.azure/telemetry/20250516084953760/cache into 1 records.
1915 : 2025-05-16 08:49:53,953 : INFO : telemetry.records : Remove directory /home/xoan_abella/.azure/telemetry/20250516084953760
1915 : 2025-05-16 08:49:53,954 : INFO : telemetry.client : Accumulated 1 events. Flush the clients.
1915 : 2025-05-16 08:49:53,954 : INFO : telemetry.client : Flush client c4395b75-49cc-422c-bc95-c7d51aef5d46.
1915 : 2025-05-16 08:49:54,121 : INFO : telemetry.sender : Sending 4505 bytes
1915 : 2025-05-16 08:49:54,121 : INFO : telemetry.sender : Finish uploading in 0.167357 seconds.
1977 : 2025-05-16 08:51:40,924 : INFO : telemetry.main : Attempt start. Configuration directory [/home/xoan_abella/.azure]. Cache directory [/home/xoan_abella/.azure/telemetry/20250516085140782].
1977 : 2025-05-16 08:51:40,924 : INFO : telemetry.records : 1 cache files to upload.
1977 : 2025-05-16 08:51:40,924 : INFO : telemetry.records : Processed file /home/xoan_abella/.azure/telemetry/20250516085140782/cache into 1 records.
1977 : 2025-05-16 08:51:40,925 : INFO : telemetry.records : Remove directory /home/xoan_abella/.azure/telemetry/20250516085140782
1977 : 2025-05-16 08:51:40,925 : INFO : telemetry.client : Accumulated 1 events. Flush the clients.
1977 : 2025-05-16 08:51:40,926 : INFO : telemetry.client : Flush client c4395b75-49cc-422c-bc95-c7d51aef5d46.
1977 : 2025-05-16 08:51:41,091 : INFO : telemetry.sender : Sending 4433 bytes
1977 : 2025-05-16 08:51:41,091 : INFO : telemetry.sender : Finish uploading in 0.165124 seconds.
2094 : 2025-05-16 08:55:38,721 : INFO : telemetry.main : Attempt start. Configuration directory [/home/xoan_abella/.azure]. Cache directory [/home/xoan_abella/.azure/telemetry/20250516085538542].
2094 : 2025-05-16 08:55:38,722 : INFO : telemetry.records : 1 cache files to upload.
2094 : 2025-05-16 08:55:38,722 : INFO : telemetry.records : Processed file /home/xoan_abella/.azure/telemetry/20250516085538542/cache into 1 records.
2094 : 2025-05-16 08:55:38,722 : INFO : telemetry.records : Remove directory /home/xoan_abella/.azure/telemetry/20250516085538542
2094 : 2025-05-16 08:55:38,724 : INFO : telemetry.client : Accumulated 1 events. Flush the clients.
2094 : 2025-05-16 08:55:38,724 : INFO : telemetry.client : Flush client c4395b75-49cc-422c-bc95-c7d51aef5d46.
2094 : 2025-05-16 08:55:38,948 : INFO : telemetry.sender : Sending 4481 bytes
2094 : 2025-05-16 08:55:38,948 : INFO : telemetry.sender : Finish uploading in 0.223926 seconds.
2128 : 2025-05-16 08:56:27,262 : INFO : telemetry.main : Attempt start. Configuration directory [/home/xoan_abella/.azure]. Cache directory [/home/xoan_abella/.azure/telemetry/20250516085627075].
2128 : 2025-05-16 08:56:27,263 : INFO : telemetry.records : 1 cache files to upload.
2128 : 2025-05-16 08:56:27,263 : INFO : telemetry.records : Processed file /home/xoan_abella/.azure/telemetry/20250516085627075/cache into 1 records.
2128 : 2025-05-16 08:56:27,264 : INFO : telemetry.records : Remove directory /home/xoan_abella/.azure/telemetry/20250516085627075
2128 : 2025-05-16 08:56:27,265 : INFO : telemetry.client : Accumulated 1 events. Flush the clients.
2128 : 2025-05-16 08:56:27,265 : INFO : telemetry.client : Flush client c4395b75-49cc-422c-bc95-c7d51aef5d46.
2128 : 2025-05-16 08:56:27,476 : INFO : telemetry.sender : Sending 4487 bytes
2128 : 2025-05-16 08:56:27,476 : INFO : telemetry.sender : Finish uploading in 0.210976 seconds.
2153 : 2025-05-16 08:56:59,696 : INFO : telemetry.main : Attempt start. Configuration directory [/home/xoan_abella/.azure]. Cache directory [/home/xoan_abella/.azure/telemetry/20250516085659513].
2153 : 2025-05-16 08:56:59,696 : INFO : telemetry.records : 1 cache files to upload.
2153 : 2025-05-16 08:56:59,697 : INFO : telemetry.records : Processed file /home/xoan_abella/.azure/telemetry/20250516085659513/cache into 1 records.
2153 : 2025-05-16 08:56:59,697 : INFO : telemetry.records : Remove directory /home/xoan_abella/.azure/telemetry/20250516085659513
2153 : 2025-05-16 08:56:59,698 : INFO : telemetry.client : Accumulated 1 events. Flush the clients.
2153 : 2025-05-16 08:56:59,698 : INFO : telemetry.client : Flush client c4395b75-49cc-422c-bc95-c7d51aef5d46.
2153 : 2025-05-16 08:56:59,891 : INFO : telemetry.sender : Sending 4508 bytes
2153 : 2025-05-16 08:56:59,891 : INFO : telemetry.sender : Finish uploading in 0.192024 seconds.
2177 : 2025-05-16 08:57:08,470 : INFO : telemetry.main : Attempt start. Configuration directory [/home/xoan_abella/.azure]. Cache directory [/home/xoan_abella/.azure/telemetry/20250516085708287].
2177 : 2025-05-16 08:57:08,471 : INFO : telemetry.records : 1 cache files to upload.
2177 : 2025-05-16 08:57:08,471 : INFO : telemetry.records : Processed file /home/xoan_abella/.azure/telemetry/20250516085708287/cache into 1 records.
2177 : 2025-05-16 08:57:08,471 : INFO : telemetry.records : Remove directory /home/xoan_abella/.azure/telemetry/20250516085708287
2177 : 2025-05-16 08:57:08,472 : INFO : telemetry.client : Accumulated 1 events. Flush the clients.
2177 : 2025-05-16 08:57:08,472 : INFO : telemetry.client : Flush client c4395b75-49cc-422c-bc95-c7d51aef5d46.
2177 : 2025-05-16 08:57:08,649 : INFO : telemetry.sender : Sending 4575 bytes
2177 : 2025-05-16 08:57:08,650 : INFO : telemetry.sender : Finish uploading in 0.177197 seconds.
2190 : 2025-05-16 08:57:10,198 : INFO : telemetry.main : Attempt start. Configuration directory [/home/xoan_abella/.azure]. Cache directory [/home/xoan_abella/.azure/telemetry/20250516085709992].
2190 : 2025-05-16 08:57:10,199 : INFO : telemetry.records : 1 cache files to upload.
2190 : 2025-05-16 08:57:10,199 : INFO : telemetry.records : Processed file /home/xoan_abella/.azure/telemetry/20250516085709992/cache into 1 records.
2190 : 2025-05-16 08:57:10,199 : INFO : telemetry.records : Remove directory /home/xoan_abella/.azure/telemetry/20250516085709992
2190 : 2025-05-16 08:57:10,200 : INFO : telemetry.client : Accumulated 1 events. Flush the clients.
2190 : 2025-05-16 08:57:10,201 : INFO : telemetry.client : Flush client c4395b75-49cc-422c-bc95-c7d51aef5d46.
2190 : 2025-05-16 08:57:10,394 : INFO : telemetry.sender : Sending 4575 bytes
2190 : 2025-05-16 08:57:10,394 : INFO : telemetry.sender : Finish uploading in 0.193131 seconds.
2203 : 2025-05-16 08:57:11,647 : INFO : telemetry.main : Attempt start. Configuration directory [/home/xoan_abella/.azure]. Cache directory [/home/xoan_abella/.azure/telemetry/20250516085711447].
2203 : 2025-05-16 08:57:11,648 : INFO : telemetry.records : 1 cache files to upload.
2203 : 2025-05-16 08:57:11,648 : INFO : telemetry.records : Processed file /home/xoan_abella/.azure/telemetry/20250516085711447/cache into 1 records.
2203 : 2025-05-16 08:57:11,648 : INFO : telemetry.records : Remove directory /home/xoan_abella/.azure/telemetry/20250516085711447
2203 : 2025-05-16 08:57:11,649 : INFO : telemetry.client : Accumulated 1 events. Flush the clients.
2203 : 2025-05-16 08:57:11,650 : INFO : telemetry.client : Flush client c4395b75-49cc-422c-bc95-c7d51aef5d46.
2203 : 2025-05-16 08:57:11,841 : INFO : telemetry.sender : Sending 5037 bytes
2203 : 2025-05-16 08:57:11,842 : INFO : telemetry.sender : Finish uploading in 0.191321 seconds.
2237 : 2025-05-16 08:58:05,139 : INFO : telemetry.main : Attempt start. Configuration directory [/home/xoan_abella/.azure]. Cache directory [/home/xoan_abella/.azure/telemetry/20250516085804946].
2237 : 2025-05-16 08:58:05,139 : INFO : telemetry.records : 1 cache files to upload.
2237 : 2025-05-16 08:58:05,139 : INFO : telemetry.records : Processed file /home/xoan_abella/.azure/telemetry/20250516085804946/cache into 1 records.
2237 : 2025-05-16 08:58:05,140 : INFO : telemetry.records : Remove directory /home/xoan_abella/.azure/telemetry/20250516085804946
2237 : 2025-05-16 08:58:05,140 : INFO : telemetry.client : Accumulated 1 events. Flush the clients.
2237 : 2025-05-16 08:58:05,140 : INFO : telemetry.client : Flush client c4395b75-49cc-422c-bc95-c7d51aef5d46.
2237 : 2025-05-16 08:58:05,336 : INFO : telemetry.sender : Sending 4412 bytes
2237 : 2025-05-16 08:58:05,337 : INFO : telemetry.sender : Finish uploading in 0.196124 seconds.
2250 : 2025-05-16 08:58:11,501 : INFO : telemetry.main : Attempt start. Configuration directory [/home/xoan_abella/.azure]. Cache directory [/home/xoan_abella/.azure/telemetry/20250516085811318].
2250 : 2025-05-16 08:58:11,501 : INFO : telemetry.records : 1 cache files to upload.
2250 : 2025-05-16 08:58:11,502 : INFO : telemetry.records : Processed file /home/xoan_abella/.azure/telemetry/20250516085811318/cache into 1 records.
2250 : 2025-05-16 08:58:11,502 : INFO : telemetry.records : Remove directory /home/xoan_abella/.azure/telemetry/20250516085811318
2250 : 2025-05-16 08:58:11,502 : INFO : telemetry.client : Accumulated 1 events. Flush the clients.
2250 : 2025-05-16 08:58:11,503 : INFO : telemetry.client : Flush client c4395b75-49cc-422c-bc95-c7d51aef5d46.
2250 : 2025-05-16 08:58:11,658 : INFO : telemetry.sender : Sending 4428 bytes
2250 : 2025-05-16 08:58:11,658 : INFO : telemetry.sender : Finish uploading in 0.155412 seconds.
2263 : 2025-05-16 08:58:13,280 : INFO : telemetry.main : Attempt start. Configuration directory [/home/xoan_abella/.azure]. Cache directory [/home/xoan_abella/.azure/telemetry/20250516085813141].
2263 : 2025-05-16 08:58:13,280 : INFO : telemetry.records : 1 cache files to upload.
2263 : 2025-05-16 08:58:13,280 : INFO : telemetry.records : Processed file /home/xoan_abella/.azure/telemetry/20250516085813141/cache into 1 records.
2263 : 2025-05-16 08:58:13,280 : INFO : telemetry.records : Remove directory /home/xoan_abella/.azure/telemetry/20250516085813141
2263 : 2025-05-16 08:58:13,281 : INFO : telemetry.client : Accumulated 1 events. Flush the clients.
2263 : 2025-05-16 08:58:13,281 : INFO : telemetry.client : Flush client c4395b75-49cc-422c-bc95-c7d51aef5d46.
2263 : 2025-05-16 08:58:13,445 : INFO : telemetry.sender : Sending 4464 bytes
2263 : 2025-05-16 08:58:13,446 : INFO : telemetry.sender : Finish uploading in 0.164061 seconds.
2286 : 2025-05-16 08:58:26,173 : INFO : telemetry.main : Attempt start. Configuration directory [/home/xoan_abella/.azure]. Cache directory [/home/xoan_abella/.azure/telemetry/20250516085826036].
2286 : 2025-05-16 08:58:26,174 : INFO : telemetry.records : 1 cache files to upload.
2286 : 2025-05-16 08:58:26,174 : INFO : telemetry.records : Processed file /home/xoan_abella/.azure/telemetry/20250516085826036/cache into 1 records.
2286 : 2025-05-16 08:58:26,174 : INFO : telemetry.records : Remove directory /home/xoan_abella/.azure/telemetry/20250516085826036
2286 : 2025-05-16 08:58:26,175 : INFO : telemetry.client : Accumulated 1 events. Flush the clients.
2286 : 2025-05-16 08:58:26,175 : INFO : telemetry.client : Flush client c4395b75-49cc-422c-bc95-c7d51aef5d46.
2286 : 2025-05-16 08:58:26,338 : INFO : telemetry.sender : Sending 4572 bytes
2286 : 2025-05-16 08:58:26,338 : INFO : telemetry.sender : Finish uploading in 0.163197 seconds.
2309 : 2025-05-16 08:58:50,174 : INFO : telemetry.main : Attempt start. Configuration directory [/home/xoan_abella/.azure]. Cache directory [/home/xoan_abella/.azure/telemetry/20250516085849971].
2309 : 2025-05-16 08:58:50,174 : INFO : telemetry.records : 1 cache files to upload.
2309 : 2025-05-16 08:58:50,175 : INFO : telemetry.records : Processed file /home/xoan_abella/.azure/telemetry/20250516085849971/cache into 1 records.
2309 : 2025-05-16 08:58:50,175 : INFO : telemetry.records : Remove directory /home/xoan_abella/.azure/telemetry/20250516085849971
2309 : 2025-05-16 08:58:50,176 : INFO : telemetry.client : Accumulated 1 events. Flush the clients.
2309 : 2025-05-16 08:58:50,176 : INFO : telemetry.client : Flush client c4395b75-49cc-422c-bc95-c7d51aef5d46.
2309 : 2025-05-16 08:59:00,300 : ERROR : telemetry.sender : Upload failed. OSError: <urlopen error _ssl.c:993: The handshake operation timed out>
2309 : 2025-05-16 08:59:00,300 : INFO : telemetry.sender : Finish uploading in 10.123334 seconds.
2502 : 2025-05-16 09:05:40,505 : INFO : telemetry.main : Attempt start. Configuration directory [/home/xoan_abella/.azure]. Cache directory [/home/xoan_abella/.azure/telemetry/20250516090540264].
2502 : 2025-05-16 09:05:40,505 : INFO : telemetry.records : 1 cache files to upload.
2502 : 2025-05-16 09:05:40,505 : INFO : telemetry.records : Processed file /home/xoan_abella/.azure/telemetry/20250516090540264/cache into 1 records.
2502 : 2025-05-16 09:05:40,506 : INFO : telemetry.records : Remove directory /home/xoan_abella/.azure/telemetry/20250516090540264
2502 : 2025-05-16 09:05:40,512 : INFO : telemetry.client : Accumulated 1 events. Flush the clients.
2502 : 2025-05-16 09:05:40,512 : INFO : telemetry.client : Flush client c4395b75-49cc-422c-bc95-c7d51aef5d46.
2502 : 2025-05-16 09:05:40,774 : INFO : telemetry.sender : Sending 4425 bytes
2502 : 2025-05-16 09:05:40,774 : INFO : telemetry.sender : Finish uploading in 0.261115 seconds.
2872 : 2025-05-16 09:18:43,115 : INFO : telemetry.main : Attempt start. Configuration directory [/home/xoan_abella/.azure]. Cache directory [/home/xoan_abella/.azure/telemetry/20250516091842912].
2872 : 2025-05-16 09:18:43,116 : INFO : telemetry.records : 1 cache files to upload.
2872 : 2025-05-16 09:18:43,116 : INFO : telemetry.records : Processed file /home/xoan_abella/.azure/telemetry/20250516091842912/cache into 1 records.
2872 : 2025-05-16 09:18:43,116 : INFO : telemetry.records : Remove directory /home/xoan_abella/.azure/telemetry/20250516091842912
2872 : 2025-05-16 09:18:43,117 : INFO : telemetry.client : Accumulated 1 events. Flush the clients.
2872 : 2025-05-16 09:18:43,117 : INFO : telemetry.client : Flush client c4395b75-49cc-422c-bc95-c7d51aef5d46.
2872 : 2025-05-16 09:18:43,319 : INFO : telemetry.sender : Sending 4425 bytes
2872 : 2025-05-16 09:18:43,319 : INFO : telemetry.sender : Finish uploading in 0.201292 seconds.
2885 : 2025-05-16 09:18:53,314 : INFO : telemetry.main : Attempt start. Configuration directory [/home/xoan_abella/.azure]. Cache directory [/home/xoan_abella/.azure/telemetry/20250516091853131].
2885 : 2025-05-16 09:18:53,314 : INFO : telemetry.records : 1 cache files to upload.
2885 : 2025-05-16 09:18:53,315 : INFO : telemetry.records : Processed file /home/xoan_abella/.azure/telemetry/20250516091853131/cache into 1 records.
2885 : 2025-05-16 09:18:53,315 : INFO : telemetry.records : Remove directory /home/xoan_abella/.azure/telemetry/20250516091853131
2885 : 2025-05-16 09:18:53,316 : INFO : telemetry.client : Accumulated 1 events. Flush the clients.
2885 : 2025-05-16 09:18:53,316 : INFO : telemetry.client : Flush client c4395b75-49cc-422c-bc95-c7d51aef5d46.
2885 : 2025-05-16 09:18:53,515 : INFO : telemetry.sender : Sending 4466 bytes
2885 : 2025-05-16 09:18:53,515 : INFO : telemetry.sender : Finish uploading in 0.198669 seconds.
2908 : 2025-05-16 09:19:21,345 : INFO : telemetry.main : Attempt start. Configuration directory [/home/xoan_abella/.azure]. Cache directory [/home/xoan_abella/.azure/telemetry/20250516091921160].
2908 : 2025-05-16 09:19:21,346 : INFO : telemetry.records : 1 cache files to upload.
2908 : 2025-05-16 09:19:21,346 : INFO : telemetry.records : Processed file /home/xoan_abella/.azure/telemetry/20250516091921160/cache into 1 records.
2908 : 2025-05-16 09:19:21,346 : INFO : telemetry.records : Remove directory /home/xoan_abella/.azure/telemetry/20250516091921160
2908 : 2025-05-16 09:19:21,347 : INFO : telemetry.client : Accumulated 1 events. Flush the clients.
2908 : 2025-05-16 09:19:21,347 : INFO : telemetry.client : Flush client c4395b75-49cc-422c-bc95-c7d51aef5d46.
2908 : 2025-05-16 09:19:21,503 : INFO : telemetry.sender : Sending 4428 bytes
2908 : 2025-05-16 09:19:21,503 : INFO : telemetry.sender : Finish uploading in 0.155672 seconds.
2921 : 2025-05-16 09:19:22,986 : INFO : telemetry.main : Attempt start. Configuration directory [/home/xoan_abella/.azure]. Cache directory [/home/xoan_abella/.azure/telemetry/20250516091922845].
2921 : 2025-05-16 09:19:22,987 : INFO : telemetry.records : 1 cache files to upload.
2921 : 2025-05-16 09:19:22,987 : INFO : telemetry.records : Processed file /home/xoan_abella/.azure/telemetry/20250516091922845/cache into 1 records.
2921 : 2025-05-16 09:19:22,987 : INFO : telemetry.records : Remove directory /home/xoan_abella/.azure/telemetry/20250516091922845
2921 : 2025-05-16 09:19:22,988 : INFO : telemetry.client : Accumulated 1 events. Flush the clients.
2921 : 2025-05-16 09:19:22,988 : INFO : telemetry.client : Flush client c4395b75-49cc-422c-bc95-c7d51aef5d46.
2921 : 2025-05-16 09:19:23,154 : INFO : telemetry.sender : Sending 4464 bytes
2921 : 2025-05-16 09:19:23,155 : INFO : telemetry.sender : Finish uploading in 0.166750 seconds.
2943 : 2025-05-16 09:19:34,181 : INFO : telemetry.main : Attempt start. Configuration directory [/home/xoan_abella/.azure]. Cache directory [/home/xoan_abella/.azure/telemetry/20250516091934043].
2943 : 2025-05-16 09:19:34,181 : INFO : telemetry.records : 1 cache files to upload.
2943 : 2025-05-16 09:19:34,181 : INFO : telemetry.records : Processed file /home/xoan_abella/.azure/telemetry/20250516091934043/cache into 1 records.
2943 : 2025-05-16 09:19:34,181 : INFO : telemetry.records : Remove directory /home/xoan_abella/.azure/telemetry/20250516091934043
2943 : 2025-05-16 09:19:34,182 : INFO : telemetry.client : Accumulated 1 events. Flush the clients.
2943 : 2025-05-16 09:19:34,182 : INFO : telemetry.client : Flush client c4395b75-49cc-422c-bc95-c7d51aef5d46.
2943 : 2025-05-16 09:19:34,345 : INFO : telemetry.sender : Sending 4572 bytes
2943 : 2025-05-16 09:19:34,345 : INFO : telemetry.sender : Finish uploading in 0.162930 seconds.
3314 : 2025-05-16 09:32:59,329 : INFO : telemetry.main : Attempt start. Configuration directory [/home/xoan_abella/.azure]. Cache directory [/home/xoan_abella/.azure/telemetry/20250516093259146].
3314 : 2025-05-16 09:32:59,329 : INFO : telemetry.records : 1 cache files to upload.
3314 : 2025-05-16 09:32:59,329 : INFO : telemetry.records : Processed file /home/xoan_abella/.azure/telemetry/20250516093259146/cache into 1 records.
3314 : 2025-05-16 09:32:59,330 : INFO : telemetry.records : Remove directory /home/xoan_abella/.azure/telemetry/20250516093259146
3314 : 2025-05-16 09:32:59,330 : INFO : telemetry.client : Accumulated 1 events. Flush the clients.
3314 : 2025-05-16 09:32:59,331 : INFO : telemetry.client : Flush client c4395b75-49cc-422c-bc95-c7d51aef5d46.
3314 : 2025-05-16 09:32:59,538 : INFO : telemetry.sender : Sending 4425 bytes
3314 : 2025-05-16 09:32:59,538 : INFO : telemetry.sender : Finish uploading in 0.206813 seconds.
3336 : 2025-05-16 09:33:05,909 : INFO : telemetry.main : Attempt start. Configuration directory [/home/xoan_abella/.azure]. Cache directory [/home/xoan_abella/.azure/telemetry/20250516093305736].
3336 : 2025-05-16 09:33:05,910 : INFO : telemetry.records : 1 cache files to upload.
3336 : 2025-05-16 09:33:05,910 : INFO : telemetry.records : Processed file /home/xoan_abella/.azure/telemetry/20250516093305736/cache into 1 records.
3336 : 2025-05-16 09:33:05,910 : INFO : telemetry.records : Remove directory /home/xoan_abella/.azure/telemetry/20250516093305736
3336 : 2025-05-16 09:33:05,911 : INFO : telemetry.client : Accumulated 1 events. Flush the clients.
3336 : 2025-05-16 09:33:05,911 : INFO : telemetry.client : Flush client c4395b75-49cc-422c-bc95-c7d51aef5d46.
3336 : 2025-05-16 09:33:06,118 : INFO : telemetry.sender : Sending 4466 bytes
3336 : 2025-05-16 09:33:06,118 : INFO : telemetry.sender : Finish uploading in 0.206639 seconds.
3349 : 2025-05-16 09:33:26,241 : INFO : telemetry.main : Attempt start. Configuration directory [/home/xoan_abella/.azure]. Cache directory [/home/xoan_abella/.azure/telemetry/20250516093326061].
3349 : 2025-05-16 09:33:26,241 : INFO : telemetry.records : 1 cache files to upload.
3349 : 2025-05-16 09:33:26,242 : INFO : telemetry.records : Processed file /home/xoan_abella/.azure/telemetry/20250516093326061/cache into 1 records.
3349 : 2025-05-16 09:33:26,242 : INFO : telemetry.records : Remove directory /home/xoan_abella/.azure/telemetry/20250516093326061
3349 : 2025-05-16 09:33:26,243 : INFO : telemetry.client : Accumulated 1 events. Flush the clients.
3349 : 2025-05-16 09:33:26,243 : INFO : telemetry.client : Flush client c4395b75-49cc-422c-bc95-c7d51aef5d46.
3349 : 2025-05-16 09:33:26,436 : INFO : telemetry.sender : Sending 4435 bytes
3349 : 2025-05-16 09:33:26,436 : INFO : telemetry.sender : Finish uploading in 0.192861 seconds.
